2020-08-04 19:57:44,531 INFO  [log]  {"username":"upskills_admin" ,"password":"Talent4$$"   }
2020-08-04 19:57:44,998 INFO  [log] username is upskills_admin
2020-08-04 19:57:45,511 INFO  [log] username is upskills_admin
2020-08-04 19:57:46,339 INFO  [log] username is upskills_admin
2020-08-04 19:57:47,214 INFO  [log] Row18
2020-08-04 19:57:47,215 INFO  [log] i value1
2020-08-04 19:57:47,619 INFO  [log] 2148
2020-08-04 19:57:47,624 INFO  [log] 2148
2020-08-04 19:57:47,625 INFO  [log] jxl.write.Label@772414c5
2020-08-04 19:57:47,627 INFO  [log] i value2
2020-08-04 19:57:47,999 INFO  [log] 2149
2020-08-04 19:57:48,003 INFO  [log] 2149
2020-08-04 19:57:48,003 INFO  [log] jxl.write.Label@180790d2
2020-08-04 19:57:48,007 INFO  [log] i value3
2020-08-04 19:57:48,613 INFO  [log] 2150
2020-08-04 19:57:48,614 INFO  [log] 2150
2020-08-04 19:57:48,616 INFO  [log] jxl.write.Label@9296294
2020-08-04 19:57:48,619 INFO  [log] i value4
2020-08-04 19:57:48,958 INFO  [log] 2151
2020-08-04 19:57:48,959 INFO  [log] 2151
2020-08-04 19:57:48,961 INFO  [log] jxl.write.Label@3db61602
2020-08-04 19:57:48,963 INFO  [log] i value5
2020-08-04 19:57:49,480 INFO  [log] 2152
2020-08-04 19:57:49,484 INFO  [log] 2152
2020-08-04 19:57:49,487 INFO  [log] jxl.write.Label@aa2629c
2020-08-04 19:57:49,493 INFO  [log] i value6
2020-08-04 19:57:49,830 INFO  [log] 2153
2020-08-04 19:57:49,831 INFO  [log] 2153
2020-08-04 19:57:49,832 INFO  [log] jxl.write.Label@4aa8a433
2020-08-04 19:57:49,833 INFO  [log] i value7
2020-08-04 19:57:50,250 INFO  [log] 2154
2020-08-04 19:57:50,252 INFO  [log] 2154
2020-08-04 19:57:50,253 INFO  [log] jxl.write.Label@62ee08c
2020-08-04 19:57:50,256 INFO  [log] i value8
2020-08-04 19:57:50,608 INFO  [log] 2155
2020-08-04 19:57:50,612 INFO  [log] 2155
2020-08-04 19:57:50,617 INFO  [log] jxl.write.Label@660bc152
2020-08-04 19:57:50,618 INFO  [log] i value9
2020-08-04 19:57:50,951 INFO  [log] 2156
2020-08-04 19:57:50,952 INFO  [log] 2156
2020-08-04 19:57:50,952 INFO  [log] jxl.write.Label@9edd4b1
2020-08-04 19:57:50,954 INFO  [log] i value10
2020-08-04 19:57:51,367 INFO  [log] 2157
2020-08-04 19:57:51,368 INFO  [log] 2157
2020-08-04 19:57:51,369 INFO  [log] jxl.write.Label@7a1d6ae8
2020-08-04 19:57:51,370 INFO  [log] i value11
2020-08-04 19:57:51,696 INFO  [log] 2158
2020-08-04 19:57:51,698 INFO  [log] 2158
2020-08-04 19:57:51,699 INFO  [log] jxl.write.Label@56c27579
2020-08-04 19:57:51,701 INFO  [log] i value12
2020-08-04 19:57:52,197 INFO  [log] 2159
2020-08-04 19:57:52,201 INFO  [log] 2159
2020-08-04 19:57:52,202 INFO  [log] jxl.write.Label@24cbe2a4
2020-08-04 19:57:52,204 INFO  [log] i value13
2020-08-04 19:57:52,638 INFO  [log] 2160
2020-08-04 19:57:52,641 INFO  [log] 2160
2020-08-04 19:57:52,643 INFO  [log] jxl.write.Label@3b6dc237
2020-08-04 19:57:52,645 INFO  [log] i value14
2020-08-04 19:57:52,967 INFO  [log] 2161
2020-08-04 19:57:52,969 INFO  [log] 2161
2020-08-04 19:57:52,970 INFO  [log] jxl.write.Label@714fda91
2020-08-04 19:57:52,973 INFO  [log] i value15
2020-08-04 19:57:53,335 INFO  [log] 2162
2020-08-04 19:57:53,336 INFO  [log] 2162
2020-08-04 19:57:53,340 INFO  [log] jxl.write.Label@52181b69
2020-08-04 19:57:53,342 INFO  [log] i value16
2020-08-04 19:57:53,908 INFO  [log] 2163
2020-08-04 19:57:53,910 INFO  [log] 2163
2020-08-04 19:57:53,913 INFO  [log] jxl.write.Label@e575b69
2020-08-04 19:57:53,914 INFO  [log] i value17
2020-08-04 19:57:54,246 INFO  [log] 2164
2020-08-04 19:57:54,247 INFO  [log] 2164
2020-08-04 19:57:54,249 INFO  [log] jxl.write.Label@80d2ff7
2020-08-04 19:58:01,381 INFO  [log] 100
