2020-08-04 19:57:30,676 WARN  [SoapUI] Missing folder [C:\Users\MintuPhilipose\Desktop\API_REST\my-app\ext] for external libraries
2020-08-04 19:57:31,032 INFO  [DefaultSoapUICore] initialized soapui-settings from [C:\Users\MintuPhilipose\soapui-settings.xml]
2020-08-04 19:57:34,483 INFO  [PluginManager] Adding plugin from [C:\Users\MintuPhilipose\.soapuios\plugins\ready-mqtt-plugin-dist.jar]
2020-08-04 19:57:34,483 INFO  [PluginManager] Adding plugin from [C:\Users\MintuPhilipose\.soapuios\plugins\soapui-swagger-plugin-2.2-dist.jar]
2020-08-04 19:57:36,302 ERROR [SoapUI] An error occurred [com.eviware.soapui.plugins.auto.factories.AutoImportMethodFactory], see error log for details
2020-08-04 19:57:36,312 ERROR [errorlog] java.lang.ClassNotFoundException: com.eviware.soapui.plugins.auto.factories.AutoImportMethodFactory
java.lang.ClassNotFoundException: com.eviware.soapui.plugins.auto.factories.AutoImportMethodFactory
	at org.codehaus.plexus.classworlds.strategy.SelfFirstStrategy.loadClass(SelfFirstStrategy.java:50)
	at org.codehaus.plexus.classworlds.realm.ClassRealm.unsynchronizedLoadClass(ClassRealm.java:271)
	at org.codehaus.plexus.classworlds.realm.ClassRealm.loadClass(ClassRealm.java:247)
	at org.codehaus.plexus.classworlds.realm.ClassRealm.loadClass(ClassRealm.java:239)
	at java.lang.Class.forName0(Native Method)
	at java.lang.Class.forName(Class.java:264)
	at com.eviware.soapui.plugins.LoaderBase.loadAutoFactories(LoaderBase.java:113)
	at com.eviware.soapui.plugins.LoaderBase.loadFactories(LoaderBase.java:80)
	at com.eviware.soapui.plugins.PluginLoader.loadPluginFactories(PluginLoader.java:141)
	at com.eviware.soapui.plugins.PluginLoader.loadPlugin(PluginLoader.java:104)
	at com.eviware.soapui.plugins.PluginLoader.loadPlugin(PluginLoader.java:54)
	at com.eviware.soapui.plugins.PluginManager.doInstallPlugin(PluginManager.java:141)
	at com.eviware.soapui.plugins.PluginManager.access$600(PluginManager.java:43)
	at com.eviware.soapui.plugins.PluginManager$LoadPluginsTask.computeSequentially(PluginManager.java:420)
	at com.eviware.soapui.plugins.PluginManager$LoadPluginsTask.compute(PluginManager.java:377)
	at com.eviware.soapui.plugins.PluginManager$LoadPluginsTask.compute(PluginManager.java:382)
	at com.eviware.soapui.plugins.PluginManager$LoadPluginsTask.compute(PluginManager.java:365)
	at java.util.concurrent.RecursiveTask.exec(RecursiveTask.java:94)
	at java.util.concurrent.ForkJoinTask.doExec(ForkJoinTask.java:289)
	at java.util.concurrent.ForkJoinPool$WorkQueue.runTask(ForkJoinPool.java:1056)
	at java.util.concurrent.ForkJoinPool.runWorker(ForkJoinPool.java:1692)
	at java.util.concurrent.ForkJoinWorkerThread.run(ForkJoinWorkerThread.java:157)
2020-08-04 19:57:36,519 ERROR [SoapUI] An error occurred [com.eviware.soapui.plugins.auto.factories.AutoDiscoveryMethodFactory], see error log for details
2020-08-04 19:57:36,521 ERROR [errorlog] java.lang.ClassNotFoundException: com.eviware.soapui.plugins.auto.factories.AutoDiscoveryMethodFactory
java.lang.ClassNotFoundException: com.eviware.soapui.plugins.auto.factories.AutoDiscoveryMethodFactory
	at org.codehaus.plexus.classworlds.strategy.SelfFirstStrategy.loadClass(SelfFirstStrategy.java:50)
	at org.codehaus.plexus.classworlds.realm.ClassRealm.unsynchronizedLoadClass(ClassRealm.java:271)
	at org.codehaus.plexus.classworlds.realm.ClassRealm.loadClass(ClassRealm.java:247)
	at org.codehaus.plexus.classworlds.realm.ClassRealm.loadClass(ClassRealm.java:239)
	at java.lang.Class.forName0(Native Method)
	at java.lang.Class.forName(Class.java:264)
	at com.eviware.soapui.plugins.LoaderBase.loadAutoFactories(LoaderBase.java:113)
	at com.eviware.soapui.plugins.LoaderBase.loadFactories(LoaderBase.java:80)
	at com.eviware.soapui.plugins.PluginLoader.loadPluginFactories(PluginLoader.java:141)
	at com.eviware.soapui.plugins.PluginLoader.loadPlugin(PluginLoader.java:104)
	at com.eviware.soapui.plugins.PluginLoader.loadPlugin(PluginLoader.java:54)
	at com.eviware.soapui.plugins.PluginManager.doInstallPlugin(PluginManager.java:141)
	at com.eviware.soapui.plugins.PluginManager.access$600(PluginManager.java:43)
	at com.eviware.soapui.plugins.PluginManager$LoadPluginsTask.computeSequentially(PluginManager.java:420)
	at com.eviware.soapui.plugins.PluginManager$LoadPluginsTask.compute(PluginManager.java:377)
	at com.eviware.soapui.plugins.PluginManager$LoadPluginsTask.compute(PluginManager.java:382)
	at com.eviware.soapui.plugins.PluginManager$LoadPluginsTask.compute(PluginManager.java:365)
	at java.util.concurrent.RecursiveTask.exec(RecursiveTask.java:94)
	at java.util.concurrent.ForkJoinTask.doExec(ForkJoinTask.java:289)
	at java.util.concurrent.ForkJoinPool$WorkQueue.runTask(ForkJoinPool.java:1056)
	at java.util.concurrent.ForkJoinPool.runWorker(ForkJoinPool.java:1692)
	at java.util.concurrent.ForkJoinWorkerThread.run(ForkJoinWorkerThread.java:157)
2020-08-04 19:57:36,673 ERROR [SoapUI] An error occurred [com.eviware.soapui.plugins.auto.factories.AutoImportMethodFactory], see error log for details
2020-08-04 19:57:36,675 ERROR [errorlog] java.lang.ClassNotFoundException: com.eviware.soapui.plugins.auto.factories.AutoImportMethodFactory
java.lang.ClassNotFoundException: com.eviware.soapui.plugins.auto.factories.AutoImportMethodFactory
	at org.codehaus.plexus.classworlds.strategy.SelfFirstStrategy.loadClass(SelfFirstStrategy.java:50)
	at org.codehaus.plexus.classworlds.realm.ClassRealm.unsynchronizedLoadClass(ClassRealm.java:271)
	at org.codehaus.plexus.classworlds.realm.ClassRealm.loadClass(ClassRealm.java:247)
	at org.codehaus.plexus.classworlds.realm.ClassRealm.loadClass(ClassRealm.java:239)
	at java.lang.Class.forName0(Native Method)
	at java.lang.Class.forName(Class.java:264)
	at com.eviware.soapui.plugins.LoaderBase.loadAutoFactories(LoaderBase.java:113)
	at com.eviware.soapui.plugins.LoaderBase.loadFactories(LoaderBase.java:80)
	at com.eviware.soapui.plugins.PluginLoader.loadPluginFactories(PluginLoader.java:141)
	at com.eviware.soapui.plugins.PluginLoader.loadPlugin(PluginLoader.java:104)
	at com.eviware.soapui.plugins.PluginLoader.loadPlugin(PluginLoader.java:54)
	at com.eviware.soapui.plugins.PluginManager.doInstallPlugin(PluginManager.java:141)
	at com.eviware.soapui.plugins.PluginManager.access$600(PluginManager.java:43)
	at com.eviware.soapui.plugins.PluginManager$LoadPluginsTask.computeSequentially(PluginManager.java:420)
	at com.eviware.soapui.plugins.PluginManager$LoadPluginsTask.compute(PluginManager.java:377)
	at com.eviware.soapui.plugins.PluginManager$LoadPluginsTask.compute(PluginManager.java:365)
	at java.util.concurrent.RecursiveTask.exec(RecursiveTask.java:94)
	at java.util.concurrent.ForkJoinTask.doExec(ForkJoinTask.java:289)
	at java.util.concurrent.ForkJoinPool$WorkQueue.runTask(ForkJoinPool.java:1056)
	at java.util.concurrent.ForkJoinPool.runWorker(ForkJoinPool.java:1692)
	at java.util.concurrent.ForkJoinWorkerThread.run(ForkJoinWorkerThread.java:157)
2020-08-04 19:57:36,677 INFO  [PluginManager] Adding plugin from [C:\Users\MintuPhilipose\.soapuios\plugins\ready-uxm-plugin-1.0.1-dist.jar]
2020-08-04 19:57:36,833 ERROR [SoapUI] An error occurred [com.eviware.soapui.plugins.auto.factories.AutoDiscoveryMethodFactory], see error log for details
2020-08-04 19:57:36,835 ERROR [errorlog] java.lang.ClassNotFoundException: com.eviware.soapui.plugins.auto.factories.AutoDiscoveryMethodFactory
java.lang.ClassNotFoundException: com.eviware.soapui.plugins.auto.factories.AutoDiscoveryMethodFactory
	at org.codehaus.plexus.classworlds.strategy.SelfFirstStrategy.loadClass(SelfFirstStrategy.java:50)
	at org.codehaus.plexus.classworlds.realm.ClassRealm.unsynchronizedLoadClass(ClassRealm.java:271)
	at org.codehaus.plexus.classworlds.realm.ClassRealm.loadClass(ClassRealm.java:247)
	at org.codehaus.plexus.classworlds.realm.ClassRealm.loadClass(ClassRealm.java:239)
	at java.lang.Class.forName0(Native Method)
	at java.lang.Class.forName(Class.java:264)
	at com.eviware.soapui.plugins.LoaderBase.loadAutoFactories(LoaderBase.java:113)
	at com.eviware.soapui.plugins.LoaderBase.loadFactories(LoaderBase.java:80)
	at com.eviware.soapui.plugins.PluginLoader.loadPluginFactories(PluginLoader.java:141)
	at com.eviware.soapui.plugins.PluginLoader.loadPlugin(PluginLoader.java:104)
	at com.eviware.soapui.plugins.PluginLoader.loadPlugin(PluginLoader.java:54)
	at com.eviware.soapui.plugins.PluginManager.doInstallPlugin(PluginManager.java:141)
	at com.eviware.soapui.plugins.PluginManager.access$600(PluginManager.java:43)
	at com.eviware.soapui.plugins.PluginManager$LoadPluginsTask.computeSequentially(PluginManager.java:420)
	at com.eviware.soapui.plugins.PluginManager$LoadPluginsTask.compute(PluginManager.java:377)
	at com.eviware.soapui.plugins.PluginManager$LoadPluginsTask.compute(PluginManager.java:365)
	at java.util.concurrent.RecursiveTask.exec(RecursiveTask.java:94)
	at java.util.concurrent.ForkJoinTask.doExec(ForkJoinTask.java:289)
	at java.util.concurrent.ForkJoinPool$WorkQueue.runTask(ForkJoinPool.java:1056)
	at java.util.concurrent.ForkJoinPool.runWorker(ForkJoinPool.java:1692)
	at java.util.concurrent.ForkJoinWorkerThread.run(ForkJoinWorkerThread.java:157)
2020-08-04 19:57:36,993 INFO  [PluginManager] Adding plugin from [C:\Users\MintuPhilipose\.soapuios\plugins\readyapi-postman-1.0.1.jar]
2020-08-04 19:57:38,310 ERROR [SoapUI] An error occurred [com.eviware.soapui.plugins.auto.factories.AutoImportMethodFactory], see error log for details
2020-08-04 19:57:38,311 ERROR [errorlog] java.lang.ClassNotFoundException: com.eviware.soapui.plugins.auto.factories.AutoImportMethodFactory
java.lang.ClassNotFoundException: com.eviware.soapui.plugins.auto.factories.AutoImportMethodFactory
	at org.codehaus.plexus.classworlds.strategy.SelfFirstStrategy.loadClass(SelfFirstStrategy.java:50)
	at org.codehaus.plexus.classworlds.realm.ClassRealm.unsynchronizedLoadClass(ClassRealm.java:271)
	at org.codehaus.plexus.classworlds.realm.ClassRealm.loadClass(ClassRealm.java:247)
	at org.codehaus.plexus.classworlds.realm.ClassRealm.loadClass(ClassRealm.java:239)
	at java.lang.Class.forName0(Native Method)
	at java.lang.Class.forName(Class.java:264)
	at com.eviware.soapui.plugins.LoaderBase.loadAutoFactories(LoaderBase.java:113)
	at com.eviware.soapui.plugins.LoaderBase.loadFactories(LoaderBase.java:80)
	at com.eviware.soapui.plugins.PluginLoader.loadPluginFactories(PluginLoader.java:141)
	at com.eviware.soapui.plugins.PluginLoader.loadPlugin(PluginLoader.java:104)
	at com.eviware.soapui.plugins.PluginLoader.loadPlugin(PluginLoader.java:54)
	at com.eviware.soapui.plugins.PluginManager.doInstallPlugin(PluginManager.java:141)
	at com.eviware.soapui.plugins.PluginManager.access$600(PluginManager.java:43)
	at com.eviware.soapui.plugins.PluginManager$LoadPluginsTask.computeSequentially(PluginManager.java:420)
	at com.eviware.soapui.plugins.PluginManager$LoadPluginsTask.compute(PluginManager.java:377)
	at com.eviware.soapui.plugins.PluginManager$LoadPluginsTask.compute(PluginManager.java:365)
	at java.util.concurrent.RecursiveTask.exec(RecursiveTask.java:94)
	at java.util.concurrent.ForkJoinTask.doExec(ForkJoinTask.java:289)
	at java.util.concurrent.ForkJoinPool$WorkQueue.runTask(ForkJoinPool.java:1056)
	at java.util.concurrent.ForkJoinPool.runWorker(ForkJoinPool.java:1692)
	at java.util.concurrent.ForkJoinWorkerThread.run(ForkJoinWorkerThread.java:157)
2020-08-04 19:57:38,446 ERROR [SoapUI] An error occurred [com.eviware.soapui.plugins.auto.factories.AutoImportMethodFactory], see error log for details
2020-08-04 19:57:38,447 ERROR [errorlog] java.lang.ClassNotFoundException: com.eviware.soapui.plugins.auto.factories.AutoImportMethodFactory
java.lang.ClassNotFoundException: com.eviware.soapui.plugins.auto.factories.AutoImportMethodFactory
	at org.codehaus.plexus.classworlds.strategy.SelfFirstStrategy.loadClass(SelfFirstStrategy.java:50)
	at org.codehaus.plexus.classworlds.realm.ClassRealm.unsynchronizedLoadClass(ClassRealm.java:271)
	at org.codehaus.plexus.classworlds.realm.ClassRealm.loadClass(ClassRealm.java:247)
	at org.codehaus.plexus.classworlds.realm.ClassRealm.loadClass(ClassRealm.java:239)
	at java.lang.Class.forName0(Native Method)
	at java.lang.Class.forName(Class.java:264)
	at com.eviware.soapui.plugins.LoaderBase.loadAutoFactories(LoaderBase.java:113)
	at com.eviware.soapui.plugins.LoaderBase.loadFactories(LoaderBase.java:80)
	at com.eviware.soapui.plugins.PluginLoader.loadPluginFactories(PluginLoader.java:141)
	at com.eviware.soapui.plugins.PluginLoader.loadPlugin(PluginLoader.java:104)
	at com.eviware.soapui.plugins.PluginLoader.loadPlugin(PluginLoader.java:54)
	at com.eviware.soapui.plugins.PluginManager.doInstallPlugin(PluginManager.java:141)
	at com.eviware.soapui.plugins.PluginManager.access$600(PluginManager.java:43)
	at com.eviware.soapui.plugins.PluginManager$LoadPluginsTask.computeSequentially(PluginManager.java:420)
	at com.eviware.soapui.plugins.PluginManager$LoadPluginsTask.compute(PluginManager.java:377)
	at com.eviware.soapui.plugins.PluginManager$LoadPluginsTask.compute(PluginManager.java:382)
	at com.eviware.soapui.plugins.PluginManager$LoadPluginsTask.compute(PluginManager.java:365)
	at java.util.concurrent.RecursiveTask.exec(RecursiveTask.java:94)
	at java.util.concurrent.ForkJoinTask.doExec(ForkJoinTask.java:289)
	at java.util.concurrent.ForkJoinPool$WorkQueue.runTask(ForkJoinPool.java:1056)
	at java.util.concurrent.ForkJoinPool.runWorker(ForkJoinPool.java:1692)
	at java.util.concurrent.ForkJoinWorkerThread.run(ForkJoinWorkerThread.java:157)
2020-08-04 19:57:38,483 ERROR [SoapUI] An error occurred [com.eviware.soapui.plugins.auto.factories.AutoDiscoveryMethodFactory], see error log for details
2020-08-04 19:57:38,484 ERROR [errorlog] java.lang.ClassNotFoundException: com.eviware.soapui.plugins.auto.factories.AutoDiscoveryMethodFactory
java.lang.ClassNotFoundException: com.eviware.soapui.plugins.auto.factories.AutoDiscoveryMethodFactory
	at org.codehaus.plexus.classworlds.strategy.SelfFirstStrategy.loadClass(SelfFirstStrategy.java:50)
	at org.codehaus.plexus.classworlds.realm.ClassRealm.unsynchronizedLoadClass(ClassRealm.java:271)
	at org.codehaus.plexus.classworlds.realm.ClassRealm.loadClass(ClassRealm.java:247)
	at org.codehaus.plexus.classworlds.realm.ClassRealm.loadClass(ClassRealm.java:239)
	at java.lang.Class.forName0(Native Method)
	at java.lang.Class.forName(Class.java:264)
	at com.eviware.soapui.plugins.LoaderBase.loadAutoFactories(LoaderBase.java:113)
	at com.eviware.soapui.plugins.LoaderBase.loadFactories(LoaderBase.java:80)
	at com.eviware.soapui.plugins.PluginLoader.loadPluginFactories(PluginLoader.java:141)
	at com.eviware.soapui.plugins.PluginLoader.loadPlugin(PluginLoader.java:104)
	at com.eviware.soapui.plugins.PluginLoader.loadPlugin(PluginLoader.java:54)
	at com.eviware.soapui.plugins.PluginManager.doInstallPlugin(PluginManager.java:141)
	at com.eviware.soapui.plugins.PluginManager.access$600(PluginManager.java:43)
	at com.eviware.soapui.plugins.PluginManager$LoadPluginsTask.computeSequentially(PluginManager.java:420)
	at com.eviware.soapui.plugins.PluginManager$LoadPluginsTask.compute(PluginManager.java:377)
	at com.eviware.soapui.plugins.PluginManager$LoadPluginsTask.compute(PluginManager.java:365)
	at java.util.concurrent.RecursiveTask.exec(RecursiveTask.java:94)
	at java.util.concurrent.ForkJoinTask.doExec(ForkJoinTask.java:289)
	at java.util.concurrent.ForkJoinPool$WorkQueue.runTask(ForkJoinPool.java:1056)
	at java.util.concurrent.ForkJoinPool.runWorker(ForkJoinPool.java:1692)
	at java.util.concurrent.ForkJoinWorkerThread.run(ForkJoinWorkerThread.java:157)
2020-08-04 19:57:38,606 ERROR [SoapUI] An error occurred [com.eviware.soapui.plugins.auto.factories.AutoDiscoveryMethodFactory], see error log for details
2020-08-04 19:57:38,610 ERROR [errorlog] java.lang.ClassNotFoundException: com.eviware.soapui.plugins.auto.factories.AutoDiscoveryMethodFactory
java.lang.ClassNotFoundException: com.eviware.soapui.plugins.auto.factories.AutoDiscoveryMethodFactory
	at org.codehaus.plexus.classworlds.strategy.SelfFirstStrategy.loadClass(SelfFirstStrategy.java:50)
	at org.codehaus.plexus.classworlds.realm.ClassRealm.unsynchronizedLoadClass(ClassRealm.java:271)
	at org.codehaus.plexus.classworlds.realm.ClassRealm.loadClass(ClassRealm.java:247)
	at org.codehaus.plexus.classworlds.realm.ClassRealm.loadClass(ClassRealm.java:239)
	at java.lang.Class.forName0(Native Method)
	at java.lang.Class.forName(Class.java:264)
	at com.eviware.soapui.plugins.LoaderBase.loadAutoFactories(LoaderBase.java:113)
	at com.eviware.soapui.plugins.LoaderBase.loadFactories(LoaderBase.java:80)
	at com.eviware.soapui.plugins.PluginLoader.loadPluginFactories(PluginLoader.java:141)
	at com.eviware.soapui.plugins.PluginLoader.loadPlugin(PluginLoader.java:104)
	at com.eviware.soapui.plugins.PluginLoader.loadPlugin(PluginLoader.java:54)
	at com.eviware.soapui.plugins.PluginManager.doInstallPlugin(PluginManager.java:141)
	at com.eviware.soapui.plugins.PluginManager.access$600(PluginManager.java:43)
	at com.eviware.soapui.plugins.PluginManager$LoadPluginsTask.computeSequentially(PluginManager.java:420)
	at com.eviware.soapui.plugins.PluginManager$LoadPluginsTask.compute(PluginManager.java:377)
	at com.eviware.soapui.plugins.PluginManager$LoadPluginsTask.compute(PluginManager.java:382)
	at com.eviware.soapui.plugins.PluginManager$LoadPluginsTask.compute(PluginManager.java:365)
	at java.util.concurrent.RecursiveTask.exec(RecursiveTask.java:94)
	at java.util.concurrent.ForkJoinTask.doExec(ForkJoinTask.java:289)
	at java.util.concurrent.ForkJoinPool$WorkQueue.runTask(ForkJoinPool.java:1056)
	at java.util.concurrent.ForkJoinPool.runWorker(ForkJoinPool.java:1692)
	at java.util.concurrent.ForkJoinWorkerThread.run(ForkJoinWorkerThread.java:157)
2020-08-04 19:57:38,844 INFO  [PluginManager] Adding plugin from [C:\Users\MintuPhilipose\.soapuios\plugins\readyapi-swaggerhub-plugin-1.0.jar]
2020-08-04 19:57:39,549 ERROR [SoapUI] An error occurred [com.eviware.soapui.plugins.auto.factories.AutoImportMethodFactory], see error log for details
2020-08-04 19:57:39,549 ERROR [errorlog] java.lang.ClassNotFoundException: com.eviware.soapui.plugins.auto.factories.AutoImportMethodFactory
java.lang.ClassNotFoundException: com.eviware.soapui.plugins.auto.factories.AutoImportMethodFactory
	at org.codehaus.plexus.classworlds.strategy.SelfFirstStrategy.loadClass(SelfFirstStrategy.java:50)
	at org.codehaus.plexus.classworlds.realm.ClassRealm.unsynchronizedLoadClass(ClassRealm.java:271)
	at org.codehaus.plexus.classworlds.realm.ClassRealm.loadClass(ClassRealm.java:247)
	at org.codehaus.plexus.classworlds.realm.ClassRealm.loadClass(ClassRealm.java:239)
	at java.lang.Class.forName0(Native Method)
	at java.lang.Class.forName(Class.java:264)
	at com.eviware.soapui.plugins.LoaderBase.loadAutoFactories(LoaderBase.java:113)
	at com.eviware.soapui.plugins.LoaderBase.loadFactories(LoaderBase.java:80)
	at com.eviware.soapui.plugins.PluginLoader.loadPluginFactories(PluginLoader.java:141)
	at com.eviware.soapui.plugins.PluginLoader.loadPlugin(PluginLoader.java:104)
	at com.eviware.soapui.plugins.PluginLoader.loadPlugin(PluginLoader.java:54)
	at com.eviware.soapui.plugins.PluginManager.doInstallPlugin(PluginManager.java:141)
	at com.eviware.soapui.plugins.PluginManager.access$600(PluginManager.java:43)
	at com.eviware.soapui.plugins.PluginManager$LoadPluginsTask.computeSequentially(PluginManager.java:420)
	at com.eviware.soapui.plugins.PluginManager$LoadPluginsTask.compute(PluginManager.java:377)
	at com.eviware.soapui.plugins.PluginManager$LoadPluginsTask.compute(PluginManager.java:382)
	at com.eviware.soapui.plugins.PluginManager$LoadPluginsTask.compute(PluginManager.java:365)
	at java.util.concurrent.RecursiveTask.exec(RecursiveTask.java:94)
	at java.util.concurrent.ForkJoinTask.doExec(ForkJoinTask.java:289)
	at java.util.concurrent.ForkJoinPool$WorkQueue.runTask(ForkJoinPool.java:1056)
	at java.util.concurrent.ForkJoinPool.runWorker(ForkJoinPool.java:1692)
	at java.util.concurrent.ForkJoinWorkerThread.run(ForkJoinWorkerThread.java:157)
2020-08-04 19:57:39,652 ERROR [SoapUI] An error occurred [com.eviware.soapui.plugins.auto.factories.AutoDiscoveryMethodFactory], see error log for details
2020-08-04 19:57:39,653 ERROR [errorlog] java.lang.ClassNotFoundException: com.eviware.soapui.plugins.auto.factories.AutoDiscoveryMethodFactory
java.lang.ClassNotFoundException: com.eviware.soapui.plugins.auto.factories.AutoDiscoveryMethodFactory
	at org.codehaus.plexus.classworlds.strategy.SelfFirstStrategy.loadClass(SelfFirstStrategy.java:50)
	at org.codehaus.plexus.classworlds.realm.ClassRealm.unsynchronizedLoadClass(ClassRealm.java:271)
	at org.codehaus.plexus.classworlds.realm.ClassRealm.loadClass(ClassRealm.java:247)
	at org.codehaus.plexus.classworlds.realm.ClassRealm.loadClass(ClassRealm.java:239)
	at java.lang.Class.forName0(Native Method)
	at java.lang.Class.forName(Class.java:264)
	at com.eviware.soapui.plugins.LoaderBase.loadAutoFactories(LoaderBase.java:113)
	at com.eviware.soapui.plugins.LoaderBase.loadFactories(LoaderBase.java:80)
	at com.eviware.soapui.plugins.PluginLoader.loadPluginFactories(PluginLoader.java:141)
	at com.eviware.soapui.plugins.PluginLoader.loadPlugin(PluginLoader.java:104)
	at com.eviware.soapui.plugins.PluginLoader.loadPlugin(PluginLoader.java:54)
	at com.eviware.soapui.plugins.PluginManager.doInstallPlugin(PluginManager.java:141)
	at com.eviware.soapui.plugins.PluginManager.access$600(PluginManager.java:43)
	at com.eviware.soapui.plugins.PluginManager$LoadPluginsTask.computeSequentially(PluginManager.java:420)
	at com.eviware.soapui.plugins.PluginManager$LoadPluginsTask.compute(PluginManager.java:377)
	at com.eviware.soapui.plugins.PluginManager$LoadPluginsTask.compute(PluginManager.java:382)
	at com.eviware.soapui.plugins.PluginManager$LoadPluginsTask.compute(PluginManager.java:365)
	at java.util.concurrent.RecursiveTask.exec(RecursiveTask.java:94)
	at java.util.concurrent.ForkJoinTask.doExec(ForkJoinTask.java:289)
	at java.util.concurrent.ForkJoinPool$WorkQueue.runTask(ForkJoinPool.java:1056)
	at java.util.concurrent.ForkJoinPool.runWorker(ForkJoinPool.java:1692)
	at java.util.concurrent.ForkJoinWorkerThread.run(ForkJoinWorkerThread.java:157)
2020-08-04 19:57:39,761 INFO  [PluginManager] 5 plugins loaded in 5282 ms
2020-08-04 19:57:39,761 INFO  [DefaultSoapUICore] All plugins loaded
2020-08-04 19:57:41,894 INFO  [WsdlProject] Loaded project from [file:/C:/Users/MintuPhilipose/Desktop/API_REST/my-app/API-REST-CaseStudy-soapui-project.xml]
2020-08-04 19:57:41,913 INFO  [SoapUITestCaseRunner] Running SoapUI tests in project [API_REST_CaseStudy]
2020-08-04 19:57:41,917 INFO  [SoapUITestCaseRunner] Running Project [API_REST_CaseStudy], runType = SEQUENTIAL
2020-08-04 19:57:41,948 INFO  [SoapUITestCaseRunner] Running SoapUI testcase [TC001]
2020-08-04 19:57:41,981 INFO  [SoapUITestCaseRunner] running step [Properties]
2020-08-04 19:57:42,078 INFO  [SoapUITestCaseRunner] running step [GetAccessToken]
2020-08-04 19:57:43,337 INFO  [SoapUITestCaseRunner] Assertion [Valid HTTP Status Codes] has status VALID
2020-08-04 19:57:43,337 INFO  [SoapUITestCaseRunner] running step [Property Transfer]
2020-08-04 19:57:43,389 INFO  [SoapUITestCaseRunner] Finished running SoapUI testcase [TC001], time taken: 1125ms, status: FINISHED
2020-08-04 19:57:43,395 INFO  [SoapUITestCaseRunner] Running SoapUI testcase [TC002]
2020-08-04 19:57:43,396 INFO  [SoapUITestCaseRunner] running step [Groovy Script- Load Username & Pwd from Excel]
2020-08-04 19:57:44,531 INFO  [log]  {"username":"upskills_admin" ,"password":"Talent4$$"   }
2020-08-04 19:57:44,582 INFO  [SoapUITestCaseRunner] running step [Login Admin User]
2020-08-04 19:57:44,998 INFO  [log] username is upskills_admin
2020-08-04 19:57:45,000 INFO  [SoapUITestCaseRunner] Assertion [Valid HTTP Status Codes] has status VALID
2020-08-04 19:57:45,002 INFO  [SoapUITestCaseRunner] Assertion [Script Assertion] has status VALID
2020-08-04 19:57:45,002 INFO  [SoapUITestCaseRunner] running step [GetUserInfo]
2020-08-04 19:57:45,511 INFO  [log] username is upskills_admin
2020-08-04 19:57:45,512 INFO  [SoapUITestCaseRunner] Assertion [Valid HTTP Status Codes] has status VALID
2020-08-04 19:57:45,514 INFO  [SoapUITestCaseRunner] Assertion [Script Assertion] has status VALID
2020-08-04 19:57:45,514 INFO  [SoapUITestCaseRunner] running step [Logout]
2020-08-04 19:57:45,960 INFO  [SoapUITestCaseRunner] Assertion [Valid HTTP Status Codes] has status VALID
2020-08-04 19:57:45,963 INFO  [SoapUITestCaseRunner] Finished running SoapUI testcase [TC002], time taken: 2380ms, status: FINISHED
2020-08-04 19:57:45,968 INFO  [SoapUITestCaseRunner] Running SoapUI testcase [TC018,TC_019]
2020-08-04 19:57:45,971 INFO  [SoapUITestCaseRunner] running step [Login Admin User]
2020-08-04 19:57:46,339 INFO  [log] username is upskills_admin
2020-08-04 19:57:46,342 INFO  [SoapUITestCaseRunner] Assertion [Valid HTTP Status Codes] has status VALID
2020-08-04 19:57:46,343 INFO  [SoapUITestCaseRunner] Assertion [Script Assertion] has status VALID
2020-08-04 19:57:46,344 INFO  [SoapUITestCaseRunner] running step [Groovy Script]
2020-08-04 19:57:47,214 INFO  [log] Row18
2020-08-04 19:57:47,215 INFO  [log] i value1
2020-08-04 19:57:47,619 INFO  [log] 2148
2020-08-04 19:57:47,624 INFO  [log] 2148
2020-08-04 19:57:47,625 INFO  [log] jxl.write.Label@772414c5
2020-08-04 19:57:47,627 INFO  [log] i value2
2020-08-04 19:57:47,999 INFO  [log] 2149
2020-08-04 19:57:48,003 INFO  [log] 2149
2020-08-04 19:57:48,003 INFO  [log] jxl.write.Label@180790d2
2020-08-04 19:57:48,007 INFO  [log] i value3
2020-08-04 19:57:48,613 INFO  [log] 2150
2020-08-04 19:57:48,614 INFO  [log] 2150
2020-08-04 19:57:48,616 INFO  [log] jxl.write.Label@9296294
2020-08-04 19:57:48,619 INFO  [log] i value4
2020-08-04 19:57:48,958 INFO  [log] 2151
2020-08-04 19:57:48,959 INFO  [log] 2151
2020-08-04 19:57:48,961 INFO  [log] jxl.write.Label@3db61602
2020-08-04 19:57:48,963 INFO  [log] i value5
2020-08-04 19:57:49,480 INFO  [log] 2152
2020-08-04 19:57:49,484 INFO  [log] 2152
2020-08-04 19:57:49,487 INFO  [log] jxl.write.Label@aa2629c
2020-08-04 19:57:49,493 INFO  [log] i value6
2020-08-04 19:57:49,830 INFO  [log] 2153
2020-08-04 19:57:49,831 INFO  [log] 2153
2020-08-04 19:57:49,832 INFO  [log] jxl.write.Label@4aa8a433
2020-08-04 19:57:49,833 INFO  [log] i value7
2020-08-04 19:57:50,250 INFO  [log] 2154
2020-08-04 19:57:50,252 INFO  [log] 2154
2020-08-04 19:57:50,253 INFO  [log] jxl.write.Label@62ee08c
2020-08-04 19:57:50,256 INFO  [log] i value8
2020-08-04 19:57:50,608 INFO  [log] 2155
2020-08-04 19:57:50,612 INFO  [log] 2155
2020-08-04 19:57:50,617 INFO  [log] jxl.write.Label@660bc152
2020-08-04 19:57:50,618 INFO  [log] i value9
2020-08-04 19:57:50,951 INFO  [log] 2156
2020-08-04 19:57:50,952 INFO  [log] 2156
2020-08-04 19:57:50,952 INFO  [log] jxl.write.Label@9edd4b1
2020-08-04 19:57:50,954 INFO  [log] i value10
2020-08-04 19:57:51,367 INFO  [log] 2157
2020-08-04 19:57:51,368 INFO  [log] 2157
2020-08-04 19:57:51,369 INFO  [log] jxl.write.Label@7a1d6ae8
2020-08-04 19:57:51,370 INFO  [log] i value11
2020-08-04 19:57:51,696 INFO  [log] 2158
2020-08-04 19:57:51,698 INFO  [log] 2158
2020-08-04 19:57:51,699 INFO  [log] jxl.write.Label@56c27579
2020-08-04 19:57:51,701 INFO  [log] i value12
2020-08-04 19:57:52,197 INFO  [log] 2159
2020-08-04 19:57:52,201 INFO  [log] 2159
2020-08-04 19:57:52,202 INFO  [log] jxl.write.Label@24cbe2a4
2020-08-04 19:57:52,204 INFO  [log] i value13
2020-08-04 19:57:52,638 INFO  [log] 2160
2020-08-04 19:57:52,641 INFO  [log] 2160
2020-08-04 19:57:52,643 INFO  [log] jxl.write.Label@3b6dc237
2020-08-04 19:57:52,645 INFO  [log] i value14
2020-08-04 19:57:52,967 INFO  [log] 2161
2020-08-04 19:57:52,969 INFO  [log] 2161
2020-08-04 19:57:52,970 INFO  [log] jxl.write.Label@714fda91
2020-08-04 19:57:52,973 INFO  [log] i value15
2020-08-04 19:57:53,335 INFO  [log] 2162
2020-08-04 19:57:53,336 INFO  [log] 2162
2020-08-04 19:57:53,340 INFO  [log] jxl.write.Label@52181b69
2020-08-04 19:57:53,342 INFO  [log] i value16
2020-08-04 19:57:53,908 INFO  [log] 2163
2020-08-04 19:57:53,910 INFO  [log] 2163
2020-08-04 19:57:53,913 INFO  [log] jxl.write.Label@e575b69
2020-08-04 19:57:53,914 INFO  [log] i value17
2020-08-04 19:57:54,246 INFO  [log] 2164
2020-08-04 19:57:54,247 INFO  [log] 2164
2020-08-04 19:57:54,249 INFO  [log] jxl.write.Label@80d2ff7
2020-08-04 19:57:54,519 INFO  [SoapUITestCaseRunner] running step [GetProductDetailsusingID]
2020-08-04 19:57:58,822 INFO  [SoapUITestCaseRunner] Assertion [Valid HTTP Status Codes] has status VALID
2020-08-04 19:57:58,823 INFO  [SoapUITestCaseRunner] Finished running SoapUI testcase [TC018,TC_019], time taken: 12182ms, status: FINISHED
2020-08-04 19:57:58,828 INFO  [SoapUITestCaseRunner] Running SoapUI testcase [TC020]
2020-08-04 19:57:58,828 INFO  [SoapUITestCaseRunner] running step [GetProductDetailsusingID]
2020-08-04 19:58:01,132 INFO  [SoapUITestCaseRunner] Assertion [Valid HTTP Status Codes] has status VALID
2020-08-04 19:58:01,142 INFO  [SoapUITestCaseRunner] running step [StoreValueInOutputExcel]
2020-08-04 19:58:01,381 INFO  [log] 100
2020-08-04 19:58:01,584 INFO  [SoapUITestCaseRunner] Finished running SoapUI testcase [TC020], time taken: 1814ms, status: FINISHED
2020-08-04 19:58:01,587 INFO  [SoapUITestCaseRunner] Running SoapUI testcase [TC_021]
2020-08-04 19:58:01,588 INFO  [SoapUITestCaseRunner] running step [Properties]
2020-08-04 19:58:01,591 INFO  [SoapUITestCaseRunner] running step [GetProductList_BasedOnLimit]
2020-08-04 19:58:02,085 INFO  [SoapUITestCaseRunner] Assertion [Valid HTTP Status Codes] has status VALID
2020-08-04 19:58:02,085 INFO  [SoapUITestCaseRunner] Assertion [Script Assertion] has status VALID
2020-08-04 19:58:02,089 INFO  [SoapUITestCaseRunner] Finished running SoapUI testcase [TC_021], time taken: 373ms, status: FINISHED
2020-08-04 19:58:02,091 INFO  [SoapUITestCaseRunner] Project [API_REST_CaseStudy] finished with status [FINISHED] in 20161ms
2020-08-04 19:58:07,452 WARN  [Tools] Could not delete temporary directory C:\Users\MINTUP~1\AppData\Local\Temp\cd46b2f7-4aac-4e1f-affe-00900180f648
2020-08-04 19:58:07,459 WARN  [Tools] Could not delete temporary directory C:\Users\MINTUP~1\AppData\Local\Temp\e028be84-5521-4770-a291-7d3c8239c1f5
